Build started 23/10/2015 12:41:30 AM.
     1>Project "C:\Ecole\proj\COMP371_hw2\COMP371_hw1\COMP371_hw1.vcxproj" on node 2 (Rebuild target(s)).
     1>C:\Program Files (x86)\MSBuild\Microsoft.Cpp\v4.0\V140\Microsoft.CppBuild.targets(392,5): warning MSB8028: The intermediate directory (Debug\) contains files shared from another project (COMP371_hw1.vcxproj).  This can lead to incorrect clean and rebuild behavior.
     1>ClCompile:
         C:\Program Files (x86)\Microsoft Visual Studio 14.0\VC\bin\CL.exe /c /I..\cimg /I..\glm\gtx /I..\glm\gtc /I..\glm\detail /I..\glm /I..\glfw /I..\glew /ZI /nologo /W3 /WX- /sdl /Od /Oy- /D WIN32 /D _DEBUG /D _CONSOLE /D _UNICODE /D UNICODE /Gm /EHsc /RTC1 /MDd /GS /fp:precise /Zc:wchar_t /Zc:forScope /Zc:inline /Yc"stdafx.h" /Fp"Debug\COMP371_hw2.pch" /Fo"Debug\\" /Fd"Debug\vc140.pdb" /Gd /TP /analyze- /errorReport:prompt stdafx.cpp
         stdafx.cpp
         C:\Program Files (x86)\Microsoft Visual Studio 14.0\VC\bin\CL.exe /c /I..\cimg /I..\glm\gtx /I..\glm\gtc /I..\glm\detail /I..\glm /I..\glfw /I..\glew /ZI /nologo /W3 /WX- /sdl /Od /Oy- /D WIN32 /D _DEBUG /D _CONSOLE /D _UNICODE /D UNICODE /Gm /EHsc /RTC1 /MDd /GS /fp:precise /Zc:wchar_t /Zc:forScope /Zc:inline /Fo"Debug\\" /Fd"Debug\vc140.pdb" /Gd /TP /analyze- /errorReport:prompt Cube.cpp Shape.cpp Driver.cpp Controls.cpp
         Controls.cpp
     1>c:\ecole\proj\comp371_hw2\comp371_hw1\controls.cpp(49): warning C4244: 'return': conversion from 'double' to 'float', possible loss of data
         Driver.cpp
     1>c:\program files (x86)\windows kits\8.1\include\shared\minwindef.h(130): warning C4005: 'APIENTRY': macro redefinition
         c:\ecole\proj\comp371_hw2\glfw\glfw3.h(85): note: see previous definition of 'APIENTRY'
         Shape.cpp
         Cube.cpp
         Generating Code...
       Link:
         C:\Program Files (x86)\Microsoft Visual Studio 14.0\VC\bin\link.exe /ERRORREPORT:PROMPT /OUT:"C:\Ecole\proj\COMP371_hw2\Debug\COMP371_hw2.exe" /INCREMENTAL /NOLOGO /LIBPATH:..\glfw /LIBPATH:..\glew glew32.lib glu32.lib opengl32.lib glfw3dll.lib kernel32.lib user32.lib gdi32.lib winspool.lib comdlg32.lib advapi32.lib shell32.lib ole32.lib oleaut32.lib uuid.lib odbc32.lib odbccp32.lib /MANIFEST /MANIFESTUAC:"level='asInvoker' uiAccess='false'" /manifest:embed /Debug /PDB:"C:\Ecole\proj\COMP371_hw2\Debug\COMP371_hw2.pdb" /SUBSYSTEM:CONSOLE /TLBID:1 /DYNAMICBASE /NXCOMPAT /IMPLIB:"C:\Ecole\proj\COMP371_hw2\Debug\COMP371_hw2.lib" /MACHINE:X86 Debug\Cube.obj
         Debug\Shape.obj
         Debug\Driver.obj
         Debug\Controls.obj
         Debug\stdafx.obj
         COMP371_hw1.vcxproj -> C:\Ecole\proj\COMP371_hw2\Debug\COMP371_hw2.exe
     1>Done Building Project "C:\Ecole\proj\COMP371_hw2\COMP371_hw1\COMP371_hw1.vcxproj" (Rebuild target(s)).

Build succeeded.

Time Elapsed 00:00:04.54
