c:\ecole\comp371game\comp371_hw2\comp371_hw1\debug\comp371_hw2.pch
c:\ecole\comp371game\comp371_hw2\comp371_hw1\debug\vc140.pdb
c:\ecole\comp371game\comp371_hw2\comp371_hw1\debug\vc140.idb
c:\ecole\comp371game\comp371_hw2\comp371_hw1\debug\stdafx.obj
c:\ecole\comp371game\comp371_hw2\comp371_hw1\debug\cam.obj
c:\ecole\comp371game\comp371_hw2\comp371_hw1\debug\cube.obj
c:\ecole\comp371game\comp371_hw2\comp371_hw1\debug\objldr.obj
c:\ecole\comp371game\comp371_hw2\comp371_hw1\debug\player.obj
c:\ecole\comp371game\comp371_hw2\comp371_hw1\debug\shaderldr.obj
c:\ecole\comp371game\comp371_hw2\comp371_hw1\debug\shape.obj
c:\ecole\comp371game\comp371_hw2\comp371_hw1\debug\driver.obj
c:\ecole\comp371game\comp371_hw2\comp371_hw1\debug\controls.obj
c:\ecole\comp371game\comp371_hw2\comp371_hw1\debug\textureldr.obj
c:\ecole\comp371game\comp371_hw2\comp371_hw1\debug\timer.obj
c:\ecole\comp371game\comp371_hw2\comp371_hw1\debug\world.obj
c:\ecole\comp371game\comp371_hw2\debug\comp371_hw2.pdb
c:\ecole\comp371game\comp371_hw2\comp371_hw1\debug\comp371_hw2.tlog\cl.command.1.tlog
c:\ecole\comp371game\comp371_hw2\comp371_hw1\debug\comp371_hw2.tlog\cl.read.1.tlog
c:\ecole\comp371game\comp371_hw2\comp371_hw1\debug\comp371_hw2.tlog\cl.write.1.tlog
c:\ecole\comp371game\comp371_hw2\comp371_hw1\debug\comp371_hw2.tlog\link.2864-cvtres.read.1.tlog
c:\ecole\comp371game\comp371_hw2\comp371_hw1\debug\comp371_hw2.tlog\link.2864-cvtres.write.1.tlog
c:\ecole\comp371game\comp371_hw2\comp371_hw1\debug\comp371_hw2.tlog\link.2864-rc.read.1.tlog
c:\ecole\comp371game\comp371_hw2\comp371_hw1\debug\comp371_hw2.tlog\link.2864-rc.write.1.tlog
c:\ecole\comp371game\comp371_hw2\comp371_hw1\debug\comp371_hw2.tlog\link.2864.read.1.tlog
c:\ecole\comp371game\comp371_hw2\comp371_hw1\debug\comp371_hw2.tlog\link.2864.write.1.tlog
c:\ecole\comp371game\comp371_hw2\comp371_hw1\debug\comp371_hw2.tlog\link.command.1.tlog
c:\ecole\comp371game\comp371_hw2\comp371_hw1\debug\comp371_hw2.tlog\link.read.1.tlog
c:\ecole\comp371game\comp371_hw2\comp371_hw1\debug\comp371_hw2.tlog\link.write.1.tlog
